/*C4*/SET SCHEMA PUBLIC
DISCONNECT
/*C5*/SET SCHEMA PUBLIC
DELETE FROM GOLES WHERE ID=1
COMMIT
DELETE FROM GOLES WHERE ID=2
COMMIT
DELETE FROM GOLES WHERE ID=3
COMMIT
DELETE FROM GOLES WHERE ID=4
COMMIT
DELETE FROM GOLES WHERE ID=5
COMMIT
DELETE FROM GOLES WHERE ID=6
COMMIT
DELETE FROM GOLES WHERE ID=7
COMMIT
DELETE FROM GOLES WHERE ID=8
COMMIT
DELETE FROM GOLES WHERE ID=9
COMMIT
DELETE FROM GOLES WHERE ID=10
COMMIT
INSERT INTO GOLES VALUES(11,'16','402881b98d57a471018d57a57bd70008',73)
COMMIT
INSERT INTO GOLES VALUES(12,'13','402881b98d57a471018d57a5db79000e',74)
COMMIT
INSERT INTO GOLES VALUES(13,'12','402881b98d57a471018d57a58c0a0009',75)
COMMIT
INSERT INTO GOLES VALUES(14,'12','402881b98d57a471018d57a4b7df0001',15)
COMMIT
INSERT INTO GOLES VALUES(15,'11','402881b98d57a471018d57a4a1f70000',76)
COMMIT
INSERT INTO GOLES VALUES(16,'10','402881b98d57a471018d57a4b7df0001',14)
COMMIT
INSERT INTO GOLES VALUES(17,'10','402881b98d57a471018d57a548510004',77)
COMMIT
INSERT INTO GOLES VALUES(18,'10','402881b98d57a471018d57a5ae17000b',78)
COMMIT
INSERT INTO GOLES VALUES(19,'9','402881b98d57a471018d57a551990005',79)
COMMIT
INSERT INTO GOLES VALUES(20,'8','402881b98d57a471018d57a4a1f70000',9)
COMMIT
DELETE FROM JUGADORES WHERE ID=80
COMMIT
